2026-01-03T01:58:19 | touched: hardhat.config.js
2026-01-13T13:42:22 | touched: README.md
2025-07-06T13:53:41 | touched: scripts/deploy.js
2026-01-10T21:46:00 | touched: scripts/deploy.js
2026-01-19T18:37:37 | touched: test/Optimismlayer.test.js
2025-05-13T21:01:06 | touched: README.md
2025-04-05T10:37:59 | touched: README.md
2025-09-26T05:50:34 | touched: .env.example
2025-04-10T01:09:04 | touched: LICENSE
2025-10-21T12:48:19 | touched: test/Optimismlayer.test.js
2025-11-21T15:49:41 | touched: test/Optimismlayer.test.js
2025-03-01T11:31:31 | touched: .env.example
2025-07-03T02:11:20 | touched: .env.example
2025-01-18T16:37:19 | touched: LICENSE
2025-04-24T13:03:06 | touched: LICENSE
2025-01-09T07:01:49 | touched: LICENSE
2025-11-13T23:27:45 | touched: README.md
2025-08-03T23:08:19 | touched: LICENSE
2025-11-08T23:04:47 | touched: scripts/deploy.js
2025-02-15T00:47:14 | touched: contracts/Optimismlayer.sol
2025-04-30T10:04:00 | touched: .env.example
2025-10-05T00:34:53 | touched: contracts/Optimismlayer.sol
2025-04-21T13:46:41 | touched: package.json
2025-05-08T23:51:47 | touched: LICENSE
2025-01-23T19:54:09 | touched: contracts/Optimismlayer.sol
2025-02-25T07:12:17 | touched: test/Optimismlayer.test.js
